<?xml version="1.0" encoding="UTF-8"?>
<testsuite name="tv.codely.java_bootstrap.GreeterShould" tests="1" skipped="0" failures="0" errors="0" timestamp="2019-04-23T18:57:07" hostname="MacBook-Pro-de-Diego.local" time="0.006">
  <properties/>
  <testcase name="greet_with_a_hello_message_to_the_name_it_receives()" classname="tv.codely.java_bootstrap.GreeterShould" time="0.006"/>
  <system-out><![CDATA[]]></system-out>
  <system-err><![CDATA[]]></system-err>
</testsuite>
